<?xml version="1.0" encoding="UTF-8"?>
<testsuite xmlns:xsi="http://www.w3.org/2001/XMLSchema-instance" xsi:noNamespaceSchemaLocation="https://maven.apache.org/surefire/maven-surefire-plugin/xsd/surefire-test-report-3.0.xsd" version="3.0" name="com.example.bankcards.controller.AuthControllerTest" time="0.724" tests="3" errors="0" skipped="0" failures="0">
  <properties>
[...]
</properties>
  <testcase name="register_UserExists_ReturnsBadRequest" classname="com.example.bankcards.controller.AuthControllerTest" time="0.036">
    <system-out><![CDATA[2026-03-13T17:14:05.957+03:00  INFO 19216 --- [           main] t.c.s.AnnotationConfigContextLoaderUtils : Could not detect default configuration classes for test class [com.example.bankcards.controller.AuthControllerTest]: AuthControllerTest does not declare any static, non-private, non-final, nested classes annotated with @Configuration.
2026-03-13T17:14:05.967+03:00  INFO 19216 --- [           main] .b.t.c.SpringBootTestContextBootstrapper : Found @SpringBootConfiguration com.example.bankcards.BankApplication for test class com.example.bankcards.controller.AuthControllerTest

  .   ____          _            __ _ _
 /\\ / ___'_ __ _ _(_)_ __  __ _ \ \ \ \
( ( )\___ | '_ | '_| | '_ \/ _` | \ \ \ \
 \\/  ___)| |_)| | | | | || (_| |  ) ) ) )
  '  |____| .__|_| |_|_| |_\__, | / / / /
 =========|_|==============|___/=/_/_/_/
 :: Spring Boot ::                (v3.2.3)

2026-03-13T17:14:05.996+03:00  INFO 19216 --- [           main] c.e.b.controller.AuthControllerTest      : Starting AuthControllerTest using Java 21.0.9 with PID 19216 (started by user in D:\работа\Effective_Mobile\bank)
2026-03-13T17:14:05.996+03:00  INFO 19216 --- [           main] c.e.b.controller.AuthControllerTest      : No active profile set, falling back to 1 default profile: "default"
2026-03-13T17:14:06.536+03:00  INFO 19216 --- [           main] o.s.s.web.DefaultSecurityFilterChain     : Will secure any request with [org.springframework.security.web.session.DisableEncodeUrlFilter@7359f3ac, org.springframework.security.web.context.request.async.WebAsyncManagerIntegrationFilter@5afa0b1a, org.springframework.security.web.context.SecurityContextHolderFilter@3cf7433e, org.springframework.security.web.header.HeaderWriterFilter@36ec4071, org.springframework.web.filter.CorsFilter@3d9cba2, org.springframework.security.web.authentication.logout.LogoutFilter@522f74a1, com.example.bankcards.security.JwtAuthenticationFilter@3efd3302, org.springframework.security.web.savedrequest.RequestCacheAwareFilter@68cc6319, org.springframework.security.web.servletapi.SecurityContextHolderAwareRequestFilter@3d0f4ac4, org.springframework.security.web.authentication.AnonymousAuthenticationFilter@6c167296, org.springframework.security.web.session.SessionManagementFilter@20d92f1e, org.springframework.security.web.access.ExceptionTranslationFilter@16a15261, org.springframework.security.web.access.intercept.AuthorizationFilter@1e6e29d6]
2026-03-13T17:14:06.592+03:00  INFO 19216 --- [           main] o.s.b.t.m.w.SpringBootMockServletContext : Initializing Spring TestDispatcherServlet ''
2026-03-13T17:14:06.592+03:00  INFO 19216 --- [           main] o.s.t.web.servlet.TestDispatcherServlet  : Initializing Servlet ''
2026-03-13T17:14:06.592+03:00  INFO 19216 --- [           main] o.s.t.web.servlet.TestDispatcherServlet  : Completed initialization in 0 ms
2026-03-13T17:14:06.602+03:00  INFO 19216 --- [           main] c.e.b.controller.AuthControllerTest      : Started AuthControllerTest in 0.631 seconds (process running for 7.132)
]]></system-out>
  </testcase>
  <testcase name="login_Success" classname="com.example.bankcards.controller.AuthControllerTest" time="0.022"/>
  <testcase name="register_Success" classname="com.example.bankcards.controller.AuthControllerTest" time="0.01"/>
</testsuite>